<?xml version="1.0" encoding="UTF-8"?>
<testng-results ignored="0" total="1" passed="1" failed="0" skipped="0">
  <reporter-output>
  </reporter-output>
  <suite started-at="2023-02-27T22:44:11 IST" name="Surefire suite" finished-at="2023-02-27T22:44:50 IST" duration-ms="38352">
    <groups>
    </groups>
    <test started-at="2023-02-27T22:44:11 IST" name="Surefire test" finished-at="2023-02-27T22:44:50 IST" duration-ms="38352">
      <class name="LumaTest">
        <test-method is-config="true" signature="launchBrowser()[pri:0, instance:LumaTest@7ee8290b]" started-at="2023-02-27T22:44:06 IST" name="launchBrowser" finished-at="2023-02-27T22:44:11 IST" duration-ms="5382" status="PASS">
          <reporter-output>
          </reporter-output>
        </test-method> <!-- launchBrowser -->
        <test-method is-config="true" signature="launchApplication()[pri:0, instance:LumaTest@7ee8290b]" started-at="2023-02-27T22:44:11 IST" name="launchApplication" finished-at="2023-02-27T22:44:13 IST" duration-ms="2062" status="PASS">
          <reporter-output>
          </reporter-output>
        </test-method> <!-- launchApplication -->
        <test-method signature="VerifySignIn()[pri:0, instance:LumaTest@7ee8290b]" started-at="2023-02-27T22:44:13 IST" name="VerifySignIn" finished-at="2023-02-27T22:44:50 IST" duration-ms="36217" status="PASS">
          <reporter-output>
          </reporter-output>
        </test-method> <!-- VerifySignIn -->
        <test-method is-config="true" signature="killSession()[pri:0, instance:LumaTest@7ee8290b]" started-at="2023-02-27T22:44:50 IST" name="killSession" finished-at="2023-02-27T22:44:50 IST" duration-ms="502" status="PASS">
          <reporter-output>
          </reporter-output>
        </test-method> <!-- killSession -->
      </class> <!-- LumaTest -->
    </test> <!-- Surefire test -->
  </suite> <!-- Surefire suite -->
</testng-results>
